<?xml version="1.0" encoding="UTF-8"?>
<testng-results ignored="0" total="1" passed="1" failed="0" skipped="0">
  <reporter-output>
  </reporter-output>
  <suite started-at="2022-08-02T06:30:53Z" name="Default suite" finished-at="2022-08-02T06:31:00Z" duration-ms="7193">
    <groups>
    </groups>
    <test started-at="2022-08-02T06:30:53Z" name="Default test" finished-at="2022-08-02T06:31:00Z" duration-ms="7193">
      <class name="facebook.FacebookLogin_Test">
        <test-method signature="login()[pri:0, instance:facebook.FacebookLogin_Test@60b4beb4]" started-at="2022-08-02T12:00:53Z" name="login" finished-at="2022-08-02T12:01:00Z" duration-ms="7173" status="PASS">
          <reporter-output>
          </reporter-output>
        </test-method> <!-- login -->
      </class> <!-- facebook.FacebookLogin_Test -->
    </test> <!-- Default test -->
  </suite> <!-- Default suite -->
</testng-results>
